2025-02-09 22:43:17,185 : ERROR : __main__ : GUI Crash!
Traceback (most recent call last):
  File "C:\Users\galmi\OneDrive\Desktop\ShopGuard\gui.py", line 451, in <module>
    mainwin = MainWindow()
              ^^^^^^^^^^^^
  File "C:\Users\galmi\OneDrive\Desktop\ShopGuard\gui.py", line 440, in __init__
    self.plotsDock = PlotDock()
                     ^^^^^^^^^^
  File "C:\Users\galmi\OneDrive\Desktop\ShopGuard\gui.py", line 400, in __init__
    for row in rez:
               ^^^
TypeError: 'NoneType' object is not iterable
2025-02-09 22:45:30,028 : ERROR : __main__ : GUI Crash!
Traceback (most recent call last):
  File "C:\Users\galmi\OneDrive\Desktop\ShopGuard\gui.py", line 451, in <module>
    mainwin = MainWindow()
              ^^^^^^^^^^^^
  File "C:\Users\galmi\OneDrive\Desktop\ShopGuard\gui.py", line 440, in __init__
    self.plotsDock = PlotDock()
                     ^^^^^^^^^^
  File "C:\Users\galmi\OneDrive\Desktop\ShopGuard\gui.py", line 400, in __init__
    for row in rez:
               ^^^
TypeError: 'NoneType' object is not iterable
